<?xml version="1.0" encoding="utf-8"?><testsuites name="pytest tests"><testsuite name="pytest" errors="0" failures="0" skipped="0" tests="12" time="2.894" timestamp="2026-04-29T07:12:35.146161+00:00" hostname="agent-env-85e5ddc2-813a-4ce9-bb23-ce02a88596b1"><testcase classname="backend.tests.test_smartgiaoan_backend" name="test_root_health" time="0.327" /><testcase classname="backend.tests.test_smartgiaoan_backend" name="test_auth_session_invalid" time="0.371" /><testcase classname="backend.tests.test_smartgiaoan_backend" name="test_auth_me_no_token" time="0.147" /><testcase classname="backend.tests.test_smartgiaoan_backend" name="test_auth_me_with_token" time="0.201" /><testcase classname="backend.tests.test_smartgiaoan_backend" name="test_worksheets_list_no_auth" time="0.117" /><testcase classname="backend.tests.test_smartgiaoan_backend" name="test_worksheets_list_empty" time="0.126" /><testcase classname="backend.tests.test_smartgiaoan_backend" name="test_grant_rewarded" time="0.295" /><testcase classname="backend.tests.test_smartgiaoan_backend" name="test_mark_premium" time="0.235" /><testcase classname="backend.tests.test_smartgiaoan_backend" name="test_premium_bypass_quota" time="0.160" /><testcase classname="backend.tests.test_smartgiaoan_backend" name="test_worksheet_generate_returns_proper_error_structure" time="0.430" /><testcase classname="backend.tests.test_smartgiaoan_backend" name="test_logout_deletes_session" time="0.126" /><testcase classname="backend.tests.test_smartgiaoan_backend" name="test_mongo_documents_shape" time="0.005" /></testsuite></testsuites>